C:\USERS\兴杲\DOCUMENTS\VISUAL STUDIO 2012\PROJECTS\网格简化\网格简化\DEBUG\HEAP.OBJ
C:\USERS\兴杲\DOCUMENTS\VISUAL STUDIO 2012\PROJECTS\网格简化\网格简化\DEBUG\LINKED_LIST.OBJ
C:\USERS\兴杲\DOCUMENTS\VISUAL STUDIO 2012\PROJECTS\网格简化\网格简化\DEBUG\MATRIX.OBJ
C:\USERS\兴杲\DOCUMENTS\VISUAL STUDIO 2012\PROJECTS\网格简化\网格简化\DEBUG\MESHSIMPLIFICATION.OBJ
C:\USERS\兴杲\DOCUMENTS\VISUAL STUDIO 2012\PROJECTS\网格简化\网格简化\DEBUG\QUADRIC_ERROR_METRIC.OBJ
C:\USERS\兴杲\DOCUMENTS\VISUAL STUDIO 2012\PROJECTS\网格简化\网格简化\DEBUG\SIMPLEOBJECT.OBJ
C:\USERS\兴杲\DOCUMENTS\VISUAL STUDIO 2012\PROJECTS\网格简化\网格简化\DEBUG\VECTOR.OBJ
C:\USERS\兴杲\DOCUMENTS\VISUAL STUDIO 2012\PROJECTS\网格简化\网格简化\DEBUG\VC110.PDB
C:\USERS\兴杲\DOCUMENTS\VISUAL STUDIO 2012\PROJECTS\网格简化\DEBUG\网格简化.ILK
C:\USERS\兴杲\DOCUMENTS\VISUAL STUDIO 2012\PROJECTS\网格简化\DEBUG\网格简化.EXE
C:\USERS\兴杲\DOCUMENTS\VISUAL STUDIO 2012\PROJECTS\网格简化\DEBUG\网格简化.PDB
C:\Users\兴杲\Documents\Visual Studio 2012\Projects\网格简化\网格简化\Debug\Heap.obj
C:\Users\兴杲\Documents\Visual Studio 2012\Projects\网格简化\网格简化\Debug\Linked_List.obj
C:\Users\兴杲\Documents\Visual Studio 2012\Projects\网格简化\网格简化\Debug\Matrix.obj
C:\Users\兴杲\Documents\Visual Studio 2012\Projects\网格简化\网格简化\Debug\MeshSimplification.obj
C:\Users\兴杲\Documents\Visual Studio 2012\Projects\网格简化\网格简化\Debug\Quadric_Error_Metric.obj
C:\Users\兴杲\Documents\Visual Studio 2012\Projects\网格简化\网格简化\Debug\SimpleObject.obj
C:\Users\兴杲\Documents\Visual Studio 2012\Projects\网格简化\网格简化\Debug\Vector.obj
C:\Users\兴杲\Documents\Visual Studio 2012\Projects\网格简化\网格简化\Debug\cl.command.1.tlog
C:\Users\兴杲\Documents\Visual Studio 2012\Projects\网格简化\网格简化\Debug\CL.read.1.tlog
C:\Users\兴杲\Documents\Visual Studio 2012\Projects\网格简化\网格简化\Debug\CL.write.1.tlog
C:\Users\兴杲\Documents\Visual Studio 2012\Projects\网格简化\网格简化\Debug\link-cvtres.read.1.tlog
C:\Users\兴杲\Documents\Visual Studio 2012\Projects\网格简化\网格简化\Debug\link-cvtres.write.1.tlog
C:\Users\兴杲\Documents\Visual Studio 2012\Projects\网格简化\网格简化\Debug\link-mt.read.1.tlog
C:\Users\兴杲\Documents\Visual Studio 2012\Projects\网格简化\网格简化\Debug\link-mt.write.1.tlog
C:\Users\兴杲\Documents\Visual Studio 2012\Projects\网格简化\网格简化\Debug\link-rc.read.1.tlog
C:\Users\兴杲\Documents\Visual Studio 2012\Projects\网格简化\网格简化\Debug\link-rc.write.1.tlog
C:\Users\兴杲\Documents\Visual Studio 2012\Projects\网格简化\网格简化\Debug\link.87568-cvtres.read.1.tlog
C:\Users\兴杲\Documents\Visual Studio 2012\Projects\网格简化\网格简化\Debug\link.87568-cvtres.write.1.tlog
C:\Users\兴杲\Documents\Visual Studio 2012\Projects\网格简化\网格简化\Debug\link.87568-mt.read.1.tlog
C:\Users\兴杲\Documents\Visual Studio 2012\Projects\网格简化\网格简化\Debug\link.87568-mt.write.1.tlog
C:\Users\兴杲\Documents\Visual Studio 2012\Projects\网格简化\网格简化\Debug\link.87568-rc.read.1.tlog
C:\Users\兴杲\Documents\Visual Studio 2012\Projects\网格简化\网格简化\Debug\link.87568-rc.write.1.tlog
C:\Users\兴杲\Documents\Visual Studio 2012\Projects\网格简化\网格简化\Debug\link.87568.read.1.tlog
C:\Users\兴杲\Documents\Visual Studio 2012\Projects\网格简化\网格简化\Debug\link.87568.write.1.tlog
C:\Users\兴杲\Documents\Visual Studio 2012\Projects\网格简化\网格简化\Debug\link.95656-cvtres.read.1.tlog
C:\Users\兴杲\Documents\Visual Studio 2012\Projects\网格简化\网格简化\Debug\link.95656-cvtres.write.1.tlog
C:\Users\兴杲\Documents\Visual Studio 2012\Projects\网格简化\网格简化\Debug\link.95656-mt.read.1.tlog
C:\Users\兴杲\Documents\Visual Studio 2012\Projects\网格简化\网格简化\Debug\link.95656-mt.write.1.tlog
C:\Users\兴杲\Documents\Visual Studio 2012\Projects\网格简化\网格简化\Debug\link.95656-rc.read.1.tlog
C:\Users\兴杲\Documents\Visual Studio 2012\Projects\网格简化\网格简化\Debug\link.95656-rc.write.1.tlog
C:\Users\兴杲\Documents\Visual Studio 2012\Projects\网格简化\网格简化\Debug\link.95656.read.1.tlog
C:\Users\兴杲\Documents\Visual Studio 2012\Projects\网格简化\网格简化\Debug\link.95656.write.1.tlog
C:\Users\兴杲\Documents\Visual Studio 2012\Projects\网格简化\网格简化\Debug\link.command.1.tlog
C:\Users\兴杲\Documents\Visual Studio 2012\Projects\网格简化\网格简化\Debug\link.read.1.tlog
C:\Users\兴杲\Documents\Visual Studio 2012\Projects\网格简化\网格简化\Debug\link.write.1.tlog
C:\Users\兴杲\Documents\Visual Studio 2012\Projects\网格简化\网格简化\Debug\vc110.idb
C:\Users\兴杲\Documents\Visual Studio 2012\Projects\网格简化\网格简化\Debug\vc110.pdb
C:\Users\兴杲\Documents\Visual Studio 2012\Projects\网格简化\Debug\网格简化.pdb
C:\Users\兴杲\Documents\Visual Studio 2012\Projects\网格简化\Debug\网格简化.exe
C:\Users\兴杲\Documents\Visual Studio 2012\Projects\网格简化\Debug\网格简化.ilk
